================================ Running test 1 ================================
========================= Generating random Puzzle 15 ==========================
+----+----+
|  3 |  1 |
+----+----+
|  2 |    |
+----+----+
============================= Testing heuristic 1 ==============================
Found minimal state 3|1|2|0 -> f = g + h = 0 + 16 = 16
Found minimal state 3|1|0|2 -> f = g + h = 1 + 12 = 13
Found minimal state 0|1|3|2 -> f = g + h = 2 + 10 = 12
Found minimal state 1|0|3|2 -> f = g + h = 3 + 4 = 7
Found final solution in 0.000618 s (path length: 4)
LEFT UP RIGHT DOWN 
============================= Testing heuristic 2 ==============================
Found minimal state 3|1|2|0 -> f = g + h = 0 + 16 = 16
Found minimal state 3|1|0|2 -> f = g + h = 1 + 12 = 13
Found minimal state 0|1|3|2 -> f = g + h = 2 + 10 = 12
Found minimal state 1|0|3|2 -> f = g + h = 3 + 4 = 7
Found final solution in 0.000612 s (path length: 4)
LEFT UP RIGHT DOWN 
============================= Testing heuristic 3 ==============================
Found minimal state 3|1|2|0 -> f = g + h = 0 + 16 = 16
Found minimal state 3|1|0|2 -> f = g + h = 1 + 12 = 13
Found minimal state 0|1|3|2 -> f = g + h = 2 + 10 = 12
Found minimal state 1|0|3|2 -> f = g + h = 3 + 4 = 7
Found final solution in 0.000400 s (path length: 4)
LEFT UP RIGHT DOWN 
================================ Running test 2 ================================
========================= Generating random Puzzle 15 ==========================
+----+----+
|  3 |  1 |
+----+----+
|  2 |    |
+----+----+
============================= Testing heuristic 1 ==============================
Found minimal state 3|1|2|0 -> f = g + h = 0 + 16 = 16
Found minimal state 3|1|0|2 -> f = g + h = 1 + 12 = 13
Found minimal state 0|1|3|2 -> f = g + h = 2 + 10 = 12
Found minimal state 1|0|3|2 -> f = g + h = 3 + 4 = 7
Found final solution in 0.000433 s (path length: 4)
LEFT UP RIGHT DOWN 
============================= Testing heuristic 2 ==============================
Found minimal state 3|1|2|0 -> f = g + h = 0 + 16 = 16
Found minimal state 3|1|0|2 -> f = g + h = 1 + 12 = 13
Found minimal state 0|1|3|2 -> f = g + h = 2 + 10 = 12
Found minimal state 1|0|3|2 -> f = g + h = 3 + 4 = 7
Found final solution in 0.000525 s (path length: 4)
LEFT UP RIGHT DOWN 
============================= Testing heuristic 3 ==============================
Found minimal state 3|1|2|0 -> f = g + h = 0 + 16 = 16
Found minimal state 3|1|0|2 -> f = g + h = 1 + 12 = 13
Found minimal state 0|1|3|2 -> f = g + h = 2 + 10 = 12
Found minimal state 1|0|3|2 -> f = g + h = 3 + 4 = 7
Found final solution in 0.000466 s (path length: 4)
LEFT UP RIGHT DOWN 
================================ Running test 3 ================================
========================= Generating random Puzzle 15 ==========================
+----+----+
|  3 |  1 |
+----+----+
|  2 |    |
+----+----+
============================= Testing heuristic 1 ==============================
Found minimal state 3|1|2|0 -> f = g + h = 0 + 16 = 16
Found minimal state 3|1|0|2 -> f = g + h = 1 + 12 = 13
Found minimal state 0|1|3|2 -> f = g + h = 2 + 10 = 12
Found minimal state 1|0|3|2 -> f = g + h = 3 + 4 = 7
Found final solution in 0.000324 s (path length: 4)
LEFT UP RIGHT DOWN 
============================= Testing heuristic 2 ==============================
Found minimal state 3|1|2|0 -> f = g + h = 0 + 16 = 16
Found minimal state 3|1|0|2 -> f = g + h = 1 + 12 = 13
Found minimal state 0|1|3|2 -> f = g + h = 2 + 10 = 12
Found minimal state 1|0|3|2 -> f = g + h = 3 + 4 = 7
Found final solution in 0.000320 s (path length: 4)
LEFT UP RIGHT DOWN 
============================= Testing heuristic 3 ==============================
Found minimal state 3|1|2|0 -> f = g + h = 0 + 16 = 16
Found minimal state 3|1|0|2 -> f = g + h = 1 + 12 = 13
Found minimal state 0|1|3|2 -> f = g + h = 2 + 10 = 12
Found minimal state 1|0|3|2 -> f = g + h = 3 + 4 = 7
Found final solution in 0.000316 s (path length: 4)
LEFT UP RIGHT DOWN 
============================== Comparing results ===============================
heuristic 1
Visited states [ 4 4 4 ]
	average:       4.000000
	median:        4.000000
	std deviation: 0.000000
Path lengths   [ 4 4 4 ]
	average:       4.000000
	median:        4.000000
	std deviation: 0.000000
Duration       [ 0.000618 0.000433 0.000324 ]
	average:       0.000458
	median:        0.000433
	std deviation: 0.000121
heuristic 2
Visited states [ 4 4 4 ]
	average:       4.000000
	median:        4.000000
	std deviation: 0.000000
Path lengths   [ 4 4 4 ]
	average:       4.000000
	median:        4.000000
	std deviation: 0.000000
Duration       [ 0.000612 0.000525 0.000320 ]
	average:       0.000486
	median:        0.000525
	std deviation: 0.000122
heuristic 3
Visited states [ 4 4 4 ]
	average:       4.000000
	median:        4.000000
	std deviation: 0.000000
Path lengths   [ 4 4 4 ]
	average:       4.000000
	median:        4.000000
	std deviation: 0.000000
Duration       [ 0.000400 0.000466 0.000316 ]
	average:       0.000394
	median:        0.000400
	std deviation: 0.000061
