================================ Running test 1 ================================
========================= Generating random Puzzle 15 ==========================
+----+----+
|  2 |  3 |
+----+----+
|  1 |    |
+----+----+
============================= Testing heuristic 1 ==============================
Found minimal state 2|3|1|0 -> f = g + h = 0 + 30 = 30
Found minimal state 2|0|1|3 -> f = g + h = 1 + 20 = 21
Found minimal state 0|2|1|3 -> f = g + h = 2 + 8 = 10
Found minimal state 1|2|0|3 -> f = g + h = 3 + 2 = 5
Found final solution in   0 ms (0.000208s) s (path length: 4)
UP LEFT DOWN RIGHT 
============================= Testing heuristic 2 ==============================
Found minimal state 2|3|1|0 -> f = g + h = 0 + 14 = 14
Found minimal state 2|0|1|3 -> f = g + h = 1 + 12 = 13
Found minimal state 0|2|1|3 -> f = g + h = 2 + 8 = 10
Found minimal state 1|2|0|3 -> f = g + h = 3 + 2 = 5
Found final solution in   0 ms (0.000174s) s (path length: 4)
UP LEFT DOWN RIGHT 
============================= Testing heuristic 3 ==============================
Found minimal state 2|3|1|0 -> f = g + h = 0 + 8 = 8
Found minimal state 2|0|1|3 -> f = g + h = 1 + 8 = 9
Found minimal state 0|2|1|3 -> f = g + h = 2 + 8 = 10
Found minimal state 1|2|0|3 -> f = g + h = 3 + 4 = 7
Found final solution in   0 ms (0.000172s) s (path length: 4)
UP LEFT DOWN RIGHT 
================================ Running test 2 ================================
========================= Generating random Puzzle 15 ==========================
+----+----+
|  2 |  3 |
+----+----+
|  1 |    |
+----+----+
============================= Testing heuristic 1 ==============================
Found minimal state 2|3|1|0 -> f = g + h = 0 + 30 = 30
Found minimal state 2|0|1|3 -> f = g + h = 1 + 20 = 21
Found minimal state 0|2|1|3 -> f = g + h = 2 + 8 = 10
Found minimal state 1|2|0|3 -> f = g + h = 3 + 2 = 5
Found final solution in   0 ms (0.000197s) s (path length: 4)
UP LEFT DOWN RIGHT 
============================= Testing heuristic 2 ==============================
Found minimal state 2|3|1|0 -> f = g + h = 0 + 14 = 14
Found minimal state 2|0|1|3 -> f = g + h = 1 + 12 = 13
Found minimal state 0|2|1|3 -> f = g + h = 2 + 8 = 10
Found minimal state 1|2|0|3 -> f = g + h = 3 + 2 = 5
Found final solution in   0 ms (0.000173s) s (path length: 4)
UP LEFT DOWN RIGHT 
============================= Testing heuristic 3 ==============================
Found minimal state 2|3|1|0 -> f = g + h = 0 + 8 = 8
Found minimal state 2|0|1|3 -> f = g + h = 1 + 8 = 9
Found minimal state 0|2|1|3 -> f = g + h = 2 + 8 = 10
Found minimal state 1|2|0|3 -> f = g + h = 3 + 4 = 7
Found final solution in   0 ms (0.000166s) s (path length: 4)
UP LEFT DOWN RIGHT 
================================ Running test 3 ================================
========================= Generating random Puzzle 15 ==========================
+----+----+
|  3 |  1 |
+----+----+
|  2 |    |
+----+----+
============================= Testing heuristic 1 ==============================
Found minimal state 3|1|2|0 -> f = g + h = 0 + 20 = 20
Found minimal state 3|1|0|2 -> f = g + h = 1 + 14 = 15
Found minimal state 0|1|3|2 -> f = g + h = 2 + 10 = 12
Found minimal state 1|0|3|2 -> f = g + h = 3 + 4 = 7
Found final solution in   0 ms (0.000285s) s (path length: 4)
LEFT UP RIGHT DOWN 
============================= Testing heuristic 2 ==============================
Found minimal state 3|1|2|0 -> f = g + h = 0 + 16 = 16
Found minimal state 3|1|0|2 -> f = g + h = 1 + 12 = 13
Found minimal state 0|1|3|2 -> f = g + h = 2 + 10 = 12
Found minimal state 1|0|3|2 -> f = g + h = 3 + 4 = 7
Found final solution in   0 ms (0.000160s) s (path length: 4)
LEFT UP RIGHT DOWN 
============================= Testing heuristic 3 ==============================
Found minimal state 3|1|2|0 -> f = g + h = 0 + 8 = 8
Found minimal state 3|1|0|2 -> f = g + h = 1 + 8 = 9
Found minimal state 0|1|3|2 -> f = g + h = 2 + 8 = 10
Found minimal state 1|0|3|2 -> f = g + h = 3 + 4 = 7
Found final solution in   0 ms (0.000160s) s (path length: 4)
LEFT UP RIGHT DOWN 
================================ Running test 4 ================================
========================= Generating random Puzzle 15 ==========================
+----+----+
|  3 |  1 |
+----+----+
|  2 |    |
+----+----+
============================= Testing heuristic 1 ==============================
Found minimal state 3|1|2|0 -> f = g + h = 0 + 20 = 20
Found minimal state 3|1|0|2 -> f = g + h = 1 + 14 = 15
Found minimal state 0|1|3|2 -> f = g + h = 2 + 10 = 12
Found minimal state 1|0|3|2 -> f = g + h = 3 + 4 = 7
Found final solution in   0 ms (0.000195s) s (path length: 4)
LEFT UP RIGHT DOWN 
============================= Testing heuristic 2 ==============================
Found minimal state 3|1|2|0 -> f = g + h = 0 + 16 = 16
Found minimal state 3|1|0|2 -> f = g + h = 1 + 12 = 13
Found minimal state 0|1|3|2 -> f = g + h = 2 + 10 = 12
Found minimal state 1|0|3|2 -> f = g + h = 3 + 4 = 7
Found final solution in   0 ms (0.000160s) s (path length: 4)
LEFT UP RIGHT DOWN 
============================= Testing heuristic 3 ==============================
Found minimal state 3|1|2|0 -> f = g + h = 0 + 8 = 8
Found minimal state 3|1|0|2 -> f = g + h = 1 + 8 = 9
Found minimal state 0|1|3|2 -> f = g + h = 2 + 8 = 10
Found minimal state 1|0|3|2 -> f = g + h = 3 + 4 = 7
Found final solution in   0 ms (0.000163s) s (path length: 4)
LEFT UP RIGHT DOWN 
================================ Running test 5 ================================
========================= Generating random Puzzle 15 ==========================
+----+----+
|  2 |  3 |
+----+----+
|  1 |    |
+----+----+
============================= Testing heuristic 1 ==============================
Found minimal state 2|3|1|0 -> f = g + h = 0 + 30 = 30
Found minimal state 2|0|1|3 -> f = g + h = 1 + 20 = 21
Found minimal state 0|2|1|3 -> f = g + h = 2 + 8 = 10
Found minimal state 1|2|0|3 -> f = g + h = 3 + 2 = 5
Found final solution in   0 ms (0.000194s) s (path length: 4)
UP LEFT DOWN RIGHT 
============================= Testing heuristic 2 ==============================
Found minimal state 2|3|1|0 -> f = g + h = 0 + 14 = 14
Found minimal state 2|0|1|3 -> f = g + h = 1 + 12 = 13
Found minimal state 0|2|1|3 -> f = g + h = 2 + 8 = 10
Found minimal state 1|2|0|3 -> f = g + h = 3 + 2 = 5
Found final solution in   0 ms (0.000168s) s (path length: 4)
UP LEFT DOWN RIGHT 
============================= Testing heuristic 3 ==============================
Found minimal state 2|3|1|0 -> f = g + h = 0 + 8 = 8
Found minimal state 2|0|1|3 -> f = g + h = 1 + 8 = 9
Found minimal state 0|2|1|3 -> f = g + h = 2 + 8 = 10
Found minimal state 1|2|0|3 -> f = g + h = 3 + 4 = 7
Found final solution in   0 ms (0.000169s) s (path length: 4)
UP LEFT DOWN RIGHT 
================================ Running test 6 ================================
========================= Generating random Puzzle 15 ==========================
+----+----+
|  2 |  3 |
+----+----+
|  1 |    |
+----+----+
============================= Testing heuristic 1 ==============================
Found minimal state 2|3|1|0 -> f = g + h = 0 + 30 = 30
Found minimal state 2|0|1|3 -> f = g + h = 1 + 20 = 21
Found minimal state 0|2|1|3 -> f = g + h = 2 + 8 = 10
Found minimal state 1|2|0|3 -> f = g + h = 3 + 2 = 5
Found final solution in   0 ms (0.000193s) s (path length: 4)
UP LEFT DOWN RIGHT 
============================= Testing heuristic 2 ==============================
Found minimal state 2|3|1|0 -> f = g + h = 0 + 14 = 14
Found minimal state 2|0|1|3 -> f = g + h = 1 + 12 = 13
Found minimal state 0|2|1|3 -> f = g + h = 2 + 8 = 10
Found minimal state 1|2|0|3 -> f = g + h = 3 + 2 = 5
Found final solution in   0 ms (0.000163s) s (path length: 4)
UP LEFT DOWN RIGHT 
============================= Testing heuristic 3 ==============================
Found minimal state 2|3|1|0 -> f = g + h = 0 + 8 = 8
Found minimal state 2|0|1|3 -> f = g + h = 1 + 8 = 9
Found minimal state 0|2|1|3 -> f = g + h = 2 + 8 = 10
Found minimal state 1|2|0|3 -> f = g + h = 3 + 4 = 7
Found final solution in   0 ms (0.000167s) s (path length: 4)
UP LEFT DOWN RIGHT 
================================ Running test 7 ================================
========================= Generating random Puzzle 15 ==========================
+----+----+
|  2 |  3 |
+----+----+
|  1 |    |
+----+----+
============================= Testing heuristic 1 ==============================
Found minimal state 2|3|1|0 -> f = g + h = 0 + 30 = 30
Found minimal state 2|0|1|3 -> f = g + h = 1 + 20 = 21
Found minimal state 0|2|1|3 -> f = g + h = 2 + 8 = 10
Found minimal state 1|2|0|3 -> f = g + h = 3 + 2 = 5
Found final solution in   0 ms (0.000205s) s (path length: 4)
UP LEFT DOWN RIGHT 
============================= Testing heuristic 2 ==============================
Found minimal state 2|3|1|0 -> f = g + h = 0 + 14 = 14
Found minimal state 2|0|1|3 -> f = g + h = 1 + 12 = 13
Found minimal state 0|2|1|3 -> f = g + h = 2 + 8 = 10
Found minimal state 1|2|0|3 -> f = g + h = 3 + 2 = 5
Found final solution in   0 ms (0.000204s) s (path length: 4)
UP LEFT DOWN RIGHT 
============================= Testing heuristic 3 ==============================
Found minimal state 2|3|1|0 -> f = g + h = 0 + 8 = 8
Found minimal state 2|0|1|3 -> f = g + h = 1 + 8 = 9
Found minimal state 0|2|1|3 -> f = g + h = 2 + 8 = 10
Found minimal state 1|2|0|3 -> f = g + h = 3 + 4 = 7
Found final solution in   0 ms (0.000184s) s (path length: 4)
UP LEFT DOWN RIGHT 
================================ Running test 8 ================================
========================= Generating random Puzzle 15 ==========================
+----+----+
|  3 |  1 |
+----+----+
|  2 |    |
+----+----+
============================= Testing heuristic 1 ==============================
Found minimal state 3|1|2|0 -> f = g + h = 0 + 20 = 20
Found minimal state 3|1|0|2 -> f = g + h = 1 + 14 = 15
Found minimal state 0|1|3|2 -> f = g + h = 2 + 10 = 12
Found minimal state 1|0|3|2 -> f = g + h = 3 + 4 = 7
Found final solution in   0 ms (0.000174s) s (path length: 4)
LEFT UP RIGHT DOWN 
============================= Testing heuristic 2 ==============================
Found minimal state 3|1|2|0 -> f = g + h = 0 + 16 = 16
Found minimal state 3|1|0|2 -> f = g + h = 1 + 12 = 13
Found minimal state 0|1|3|2 -> f = g + h = 2 + 10 = 12
Found minimal state 1|0|3|2 -> f = g + h = 3 + 4 = 7
Found final solution in   0 ms (0.000173s) s (path length: 4)
LEFT UP RIGHT DOWN 
============================= Testing heuristic 3 ==============================
Found minimal state 3|1|2|0 -> f = g + h = 0 + 8 = 8
Found minimal state 3|1|0|2 -> f = g + h = 1 + 8 = 9
Found minimal state 0|1|3|2 -> f = g + h = 2 + 8 = 10
Found minimal state 1|0|3|2 -> f = g + h = 3 + 4 = 7
Found final solution in   0 ms (0.000171s) s (path length: 4)
LEFT UP RIGHT DOWN 
================================ Running test 9 ================================
========================= Generating random Puzzle 15 ==========================
+----+----+
|  2 |  3 |
+----+----+
|  1 |    |
+----+----+
============================= Testing heuristic 1 ==============================
Found minimal state 2|3|1|0 -> f = g + h = 0 + 30 = 30
Found minimal state 2|0|1|3 -> f = g + h = 1 + 20 = 21
Found minimal state 0|2|1|3 -> f = g + h = 2 + 8 = 10
Found minimal state 1|2|0|3 -> f = g + h = 3 + 2 = 5
Found final solution in   0 ms (0.000153s) s (path length: 4)
UP LEFT DOWN RIGHT 
============================= Testing heuristic 2 ==============================
Found minimal state 2|3|1|0 -> f = g + h = 0 + 14 = 14
Found minimal state 2|0|1|3 -> f = g + h = 1 + 12 = 13
Found minimal state 0|2|1|3 -> f = g + h = 2 + 8 = 10
Found minimal state 1|2|0|3 -> f = g + h = 3 + 2 = 5
Found final solution in   0 ms (0.000184s) s (path length: 4)
UP LEFT DOWN RIGHT 
============================= Testing heuristic 3 ==============================
Found minimal state 2|3|1|0 -> f = g + h = 0 + 8 = 8
Found minimal state 2|0|1|3 -> f = g + h = 1 + 8 = 9
Found minimal state 0|2|1|3 -> f = g + h = 2 + 8 = 10
Found minimal state 1|2|0|3 -> f = g + h = 3 + 4 = 7
Found final solution in   0 ms (0.000185s) s (path length: 4)
UP LEFT DOWN RIGHT 
=============================== Running test 10 ================================
========================= Generating random Puzzle 15 ==========================
+----+----+
|  2 |  3 |
+----+----+
|  1 |    |
+----+----+
============================= Testing heuristic 1 ==============================
Found minimal state 2|3|1|0 -> f = g + h = 0 + 30 = 30
Found minimal state 2|0|1|3 -> f = g + h = 1 + 20 = 21
Found minimal state 0|2|1|3 -> f = g + h = 2 + 8 = 10
Found minimal state 1|2|0|3 -> f = g + h = 3 + 2 = 5
Found final solution in   0 ms (0.000194s) s (path length: 4)
UP LEFT DOWN RIGHT 
============================= Testing heuristic 2 ==============================
Found minimal state 2|3|1|0 -> f = g + h = 0 + 14 = 14
Found minimal state 2|0|1|3 -> f = g + h = 1 + 12 = 13
Found minimal state 0|2|1|3 -> f = g + h = 2 + 8 = 10
Found minimal state 1|2|0|3 -> f = g + h = 3 + 2 = 5
Found final solution in   0 ms (0.000182s) s (path length: 4)
UP LEFT DOWN RIGHT 
============================= Testing heuristic 3 ==============================
Found minimal state 2|3|1|0 -> f = g + h = 0 + 8 = 8
Found minimal state 2|0|1|3 -> f = g + h = 1 + 8 = 9
Found minimal state 0|2|1|3 -> f = g + h = 2 + 8 = 10
Found minimal state 1|2|0|3 -> f = g + h = 3 + 4 = 7
Found final solution in   0 ms (0.000177s) s (path length: 4)
UP LEFT DOWN RIGHT 
============================== Comparing results ===============================
heuristic 1
Visited states [ 4 4 4 4 4 4 4 4 4 4  ]
	average:       4.000000
	median:        4.000000
	std deviation: 0.000000
Path lengths   [ 4 4 4 4 4 4 4 4 4 4  ]
	average:       4.000000
	median:        4.000000
	std deviation: 0.000000
Duration       [ 0 h  0 m  0 s   0 ms (0.000208s)
		 0 h  0 m  0 s   0 ms (0.000197s)
		 0 h  0 m  0 s   0 ms (0.000285s)
		 0 h  0 m  0 s   0 ms (0.000195s)
		 0 h  0 m  0 s   0 ms (0.000194s)
		 0 h  0 m  0 s   0 ms (0.000193s)
		 0 h  0 m  0 s   0 ms (0.000205s)
		 0 h  0 m  0 s   0 ms (0.000174s)
		 0 h  0 m  0 s   0 ms (0.000153s)
		 0 h  0 m  0 s   0 ms (0.000194s) ]
	average:         0 ms (0.000200s)
	median:          0 ms (0.000195s)
	std deviation:   0 ms (0.000032s)
heuristic 2
Visited states [ 4 4 4 4 4 4 4 4 4 4  ]
	average:       4.000000
	median:        4.000000
	std deviation: 0.000000
Path lengths   [ 4 4 4 4 4 4 4 4 4 4  ]
	average:       4.000000
	median:        4.000000
	std deviation: 0.000000
Duration       [ 0 h  0 m  0 s   0 ms (0.000174s)
		 0 h  0 m  0 s   0 ms (0.000173s)
		 0 h  0 m  0 s   0 ms (0.000160s)
		 0 h  0 m  0 s   0 ms (0.000160s)
		 0 h  0 m  0 s   0 ms (0.000168s)
		 0 h  0 m  0 s   0 ms (0.000163s)
		 0 h  0 m  0 s   0 ms (0.000204s)
		 0 h  0 m  0 s   0 ms (0.000173s)
		 0 h  0 m  0 s   0 ms (0.000184s)
		 0 h  0 m  0 s   0 ms (0.000182s) ]
	average:         0 ms (0.000174s)
	median:          0 ms (0.000173s)
	std deviation:   0 ms (0.000013s)
heuristic 3
Visited states [ 4 4 4 4 4 4 4 4 4 4  ]
	average:       4.000000
	median:        4.000000
	std deviation: 0.000000
Path lengths   [ 4 4 4 4 4 4 4 4 4 4  ]
	average:       4.000000
	median:        4.000000
	std deviation: 0.000000
Duration       [ 0 h  0 m  0 s   0 ms (0.000172s)
		 0 h  0 m  0 s   0 ms (0.000166s)
		 0 h  0 m  0 s   0 ms (0.000160s)
		 0 h  0 m  0 s   0 ms (0.000163s)
		 0 h  0 m  0 s   0 ms (0.000169s)
		 0 h  0 m  0 s   0 ms (0.000167s)
		 0 h  0 m  0 s   0 ms (0.000184s)
		 0 h  0 m  0 s   0 ms (0.000171s)
		 0 h  0 m  0 s   0 ms (0.000185s)
		 0 h  0 m  0 s   0 ms (0.000177s) ]
	average:         0 ms (0.000171s)
	median:          0 ms (0.000170s)
	std deviation:   0 ms (0.000008s)
